<?xml version="1.0" encoding="UTF-8"?>
<robot generator="Robot 7.0.1 (Python 3.12.3 on win32)" generated="2025-04-10T01:18:30.832724" rpa="false" schemaversion="5">
<suite id="s1" name="Weuros" source="D:\Appium Project\Automation\Weuros.robot">
<test id="s1-t1" name="TC Create Team" line="20">
<kw name="Open Browser" owner="SeleniumLibrary">
<msg time="2025-04-10T01:18:31.049093" level="INFO">Opening browser 'chrome' to base url 'https://uefa:Games357@gaming-pre.uefa.com/en/weurofantasy/create-team'.</msg>
<arg>${url_Create_Team}</arg>
<arg>${browser}</arg>
<doc>Opens a new browser instance to the optional ``url``.</doc>
<status status="PASS" start="2025-04-10T01:18:31.047545" elapsed="3.011683"/>
</kw>
<kw name="Maximize Browser Window" owner="SeleniumLibrary">
<doc>Maximizes current browser window.</doc>
<status status="PASS" start="2025-04-10T01:18:34.060201" elapsed="0.057445"/>
</kw>
<kw name="Sleep" owner="BuiltIn">
<msg time="2025-04-10T01:18:36.119005" level="INFO">Slept 2 seconds.</msg>
<arg>2</arg>
<doc>Pauses the test executed for the given time.</doc>
<status status="PASS" start="2025-04-10T01:18:34.118645" elapsed="2.000360"/>
</kw>
<kw name="Click Button" owner="SeleniumLibrary">
<msg time="2025-04-10T01:18:36.119005" level="INFO">Clicking button 'xpath://*[@id="onetrust-accept-btn-handler"]'.</msg>
<arg>xpath://*[@id="onetrust-accept-btn-handler"]</arg>
<doc>Clicks the button identified by ``locator``.</doc>
<status status="PASS" start="2025-04-10T01:18:36.119005" elapsed="0.209343"/>
</kw>
<kw name="Sleep" owner="BuiltIn">
<msg time="2025-04-10T01:18:46.330457" level="INFO">Slept 10 seconds.</msg>
<arg>10s</arg>
<doc>Pauses the test executed for the given time.</doc>
<status status="PASS" start="2025-04-10T01:18:36.329360" elapsed="10.001642"/>
</kw>
<kw name="Wait Until Page Contains Element" owner="SeleniumLibrary">
<msg time="2025-04-10T01:19:00.939023" level="WARN">Keyword 'Capture Page Screenshot' could not be run on failure: Message: invalid session id
Stacktrace:
	GetHandleVerifier [0x00007FF70DF55335+78597]
	GetHandleVerifier [0x00007FF70DF55390+78688]
	(No symbol) [0x00007FF70DD08FDC]
	(No symbol) [0x00007FF70DD4F51F]
	(No symbol) [0x00007FF70DD86FB2]
	(No symbol) [0x00007FF70DD819CC]
	(No symbol) [0x00007FF70DD80AA9]
	(No symbol) [0x00007FF70DCD5AB5]
	GetHandleVerifier [0x00007FF70E1FEEED+2870973]
	GetHandleVerifier [0x00007FF70E1F9698+2848360]
	GetHandleVerifier [0x00007FF70E216973+2967875]
	GetHandleVerifier [0x00007FF70DF7017A+188746]
	GetHandleVerifier [0x00007FF70DF7845F+222255]
	(No symbol) [0x00007FF70DCD4B28]
	GetHandleVerifier [0x00007FF70E300668+3925560]
	BaseThreadInitThunk [0x00007FFAFA437614+20]
	RtlUserThreadStart [0x00007FFAFB4826B1+33]
</msg>
<msg time="2025-04-10T01:19:00.939023" level="FAIL">InvalidSessionIdException: Message: invalid session id: session deleted as the browser has closed the connection
from disconnected: not connected to DevTools
  (Session info: chrome=135.0.7049.43)
Stacktrace:
	GetHandleVerifier [0x00007FF70DF55335+78597]
	GetHandleVerifier [0x00007FF70DF55390+78688]
	(No symbol) [0x00007FF70DD091AA]
	(No symbol) [0x00007FF70DCF4EF5]
	(No symbol) [0x00007FF70DD19F04]
	(No symbol) [0x00007FF70DD8ED0F]
	(No symbol) [0x00007FF70DDAEBB2]
	(No symbol) [0x00007FF70DD86EC3]
	(No symbol) [0x00007FF70DD503F8]
	(No symbol) [0x00007FF70DD51163]
	GetHandleVerifier [0x00007FF70E1FEEED+2870973]
	GetHandleVerifier [0x00007FF70E1F9698+2848360]
	GetHandleVerifier [0x00007FF70E216973+2967875]
	GetHandleVerifier [0x00007FF70DF7017A+188746]
	GetHandleVerifier [0x00007FF70DF7845F+222255]
	GetHandleVerifier [0x00007FF70DF5D2B4+111236]
	GetHandleVerifier [0x00007FF70DF5D462+111666]
	GetHandleVerifier [0x00007FF70DF43589+5465]
	BaseThreadInitThunk [0x00007FFAFA437614+20]
	RtlUserThreadStart [0x00007FFAFB4826B1+33]
</msg>
<arg>xpath://div[@class='si-btn si-btn--primary'][normalize-space()='Auto-fill']</arg>
<arg>30s</arg>
<doc>Waits until the element ``locator`` appears on the current page.</doc>
<status status="FAIL" start="2025-04-10T01:18:46.331002" elapsed="14.623643">InvalidSessionIdException: Message: invalid session id: session deleted as the browser has closed the connection
from disconnected: not connected to DevTools
  (Session info: chrome=135.0.7049.43)
Stacktrace:
	GetHandleVerifier [0x00007FF70DF55335+78597]
	GetHandleVerifier [0x00007FF70DF55390+78688]
	(No symbol) [0x00007FF70DD091AA]
	(No symbol) [0x00007FF70DCF4EF5]
	(No symbol) [0x00007FF70DD19F04]
	(No symbol) [0x00007FF70DD8ED0F]
	(No symbol) [0x00007FF70DDAEBB2]
	(No symbol) [0x00007FF70DD86EC3]
	(No symbol) [0x00007FF70DD503F8]
	(No symbol) [0x00007FF70DD51163]
	GetHandleVerifier [0x00007FF70E1FEEED+2870973]
	GetHandleVerifier [0x00007FF70E1F9698+2848360]
	GetHandleVerifier [0x00007FF70E216973+2967875]
	GetHandleVerifier [0x00007FF70DF7017A+188746]
	GetHandleVerifier [0x00007FF70DF7845F+222255]
	GetHandleVerifier [0x00007FF70DF5D2B4+111236]
	GetHandleVerifier [0x00007FF70DF5D462+111666]
	GetHandleVerifier [0x00007FF70DF43589+5465]
	BaseThreadInitThunk [0x00007FFAFA437614+20]
	RtlUserThreadStart [0x00007FFAFB4826B1+33]
</status>
</kw>
<kw name="Click Element" owner="SeleniumLibrary">
<arg>xpath://div[@class='si-btn si-btn--primary'][normalize-space()='Auto-fill']</arg>
<doc>Click the element identified by ``locator``.</doc>
<status status="NOT RUN" start="2025-04-10T01:19:00.954645" elapsed="0.000000"/>
</kw>
<kw name="Click Element" owner="SeleniumLibrary">
<arg>xpath://div[@class='si-btn__wrap si-web-flex']//div[@class='si-btn si-btn--neutral si-btn--sm']</arg>
<doc>Click the element identified by ``locator``.</doc>
<status status="NOT RUN" start="2025-04-10T01:19:00.954645" elapsed="0.000000"/>
</kw>
<kw name="Capture Page Screenshot" owner="SeleniumLibrary">
<doc>Takes a screenshot of the current page and embeds it into a log file.</doc>
<status status="NOT RUN" start="2025-04-10T01:19:00.954645" elapsed="0.000000"/>
</kw>
<kw name="Sleep" owner="BuiltIn">
<arg>2s</arg>
<doc>Pauses the test executed for the given time.</doc>
<status status="NOT RUN" start="2025-04-10T01:19:00.954645" elapsed="0.000000"/>
</kw>
<kw name="Click Element" owner="SeleniumLibrary">
<arg>xpath://div[normalize-space()='Yes, reset']</arg>
<doc>Click the element identified by ``locator``.</doc>
<status status="NOT RUN" start="2025-04-10T01:19:00.954645" elapsed="0.000000"/>
</kw>
<kw name="Capture Page Screenshot" owner="SeleniumLibrary">
<doc>Takes a screenshot of the current page and embeds it into a log file.</doc>
<status status="NOT RUN" start="2025-04-10T01:19:00.954645" elapsed="0.000000"/>
</kw>
<kw name="Sleep" owner="BuiltIn">
<arg>2</arg>
<doc>Pauses the test executed for the given time.</doc>
<status status="NOT RUN" start="2025-04-10T01:19:00.954645" elapsed="0.000000"/>
</kw>
<kw name="Click Element" owner="SeleniumLibrary">
<arg>xpath://div[@class='si-btn si-btn--primary'][normalize-space()='Auto-fill']</arg>
<doc>Click the element identified by ``locator``.</doc>
<status status="NOT RUN" start="2025-04-10T01:19:00.954645" elapsed="0.000000"/>
</kw>
<kw name="Execute Javascript" owner="SeleniumLibrary">
<arg>window.scrollBy(0,250)</arg>
<doc>Executes the given JavaScript code with possible arguments.</doc>
<status status="NOT RUN" start="2025-04-10T01:19:00.954645" elapsed="0.000000"/>
</kw>
<kw name="Click Element" owner="SeleniumLibrary">
<arg>xpath://span[@class='si-web-flex']</arg>
<doc>Click the element identified by ``locator``.</doc>
<status status="NOT RUN" start="2025-04-10T01:19:00.954645" elapsed="0.000000"/>
</kw>
<kw name="Capture Page Screenshot" owner="SeleniumLibrary">
<doc>Takes a screenshot of the current page and embeds it into a log file.</doc>
<status status="NOT RUN" start="2025-04-10T01:19:00.954645" elapsed="0.000000"/>
</kw>
<kw name="Sleep" owner="BuiltIn">
<arg>2s</arg>
<doc>Pauses the test executed for the given time.</doc>
<status status="NOT RUN" start="2025-04-10T01:19:00.954645" elapsed="0.000000"/>
</kw>
<kw name="Click Element" owner="SeleniumLibrary">
<arg>xpath://ul[@class='si-dd--menu']//span[contains(text(),'Date')]</arg>
<doc>Click the element identified by ``locator``.</doc>
<status status="NOT RUN" start="2025-04-10T01:19:00.954645" elapsed="0.000000"/>
</kw>
<kw name="Capture Page Screenshot" owner="SeleniumLibrary">
<doc>Takes a screenshot of the current page and embeds it into a log file.</doc>
<status status="NOT RUN" start="2025-04-10T01:19:00.954645" elapsed="0.000000"/>
</kw>
<kw name="Sleep" owner="BuiltIn">
<arg>2s</arg>
<doc>Pauses the test executed for the given time.</doc>
<status status="NOT RUN" start="2025-04-10T01:19:00.954645" elapsed="0.000000"/>
</kw>
<kw name="Click Element" owner="SeleniumLibrary">
<arg>xpath://div[@class='si-btn si-btn--secondary si-web-flex']</arg>
<doc>Click the element identified by ``locator``.</doc>
<status status="NOT RUN" start="2025-04-10T01:19:00.954645" elapsed="0.000000"/>
</kw>
<kw name="Sleep" owner="BuiltIn">
<arg>2s</arg>
<doc>Pauses the test executed for the given time.</doc>
<status status="NOT RUN" start="2025-04-10T01:19:00.954645" elapsed="0.000000"/>
</kw>
<kw name="Capture Page Screenshot" owner="SeleniumLibrary">
<doc>Takes a screenshot of the current page and embeds it into a log file.</doc>
<status status="NOT RUN" start="2025-04-10T01:19:00.954645" elapsed="0.000000"/>
</kw>
<kw name="Execute Javascript" owner="SeleniumLibrary">
<arg>window.scrollBy(0,250)</arg>
<doc>Executes the given JavaScript code with possible arguments.</doc>
<status status="NOT RUN" start="2025-04-10T01:19:00.954645" elapsed="0.000000"/>
</kw>
<kw name="Sleep" owner="BuiltIn">
<arg>2s</arg>
<doc>Pauses the test executed for the given time.</doc>
<status status="NOT RUN" start="2025-04-10T01:19:00.954645" elapsed="0.000000"/>
</kw>
<kw name="Click Element" owner="SeleniumLibrary">
<arg>xpath://div[@class='si-btn si-btn--primary']</arg>
<doc>Click the element identified by ``locator``.</doc>
<status status="NOT RUN" start="2025-04-10T01:19:00.954645" elapsed="0.000000"/>
</kw>
<kw name="Sleep" owner="BuiltIn">
<arg>2s</arg>
<doc>Pauses the test executed for the given time.</doc>
<status status="NOT RUN" start="2025-04-10T01:19:00.954645" elapsed="0.000000"/>
</kw>
<kw name="Capture Page Screenshot" owner="SeleniumLibrary">
<doc>Takes a screenshot of the current page and embeds it into a log file.</doc>
<status status="NOT RUN" start="2025-04-10T01:19:00.954645" elapsed="0.000000"/>
</kw>
<kw name="Click Element" owner="SeleniumLibrary">
<arg>xpath://body/div[@class='main-wrap thirdparty_page']/div[@class='body']/div[@class='content-wrap']/div[@class='content']/div[@class='main-wrap si-main-wrap']/div[@id='root-ucl-fantasy']/div/div[@id='MainPitchContainer']/div/div/div[@class='si-main-component si-bg--pitch si-bg--center si-captain-wrap']/div[@class='si-container']/div[@class='si-wrap si-sidebar--none']/div[@class='si-pitch__wrap']/div[@class='si-pitch__section']/div[@class='si-pitch']/div[@class='si-pitch--top']/div[1]/div[2]/div[1]/div[1]/div[1]</arg>
<doc>Click the element identified by ``locator``.</doc>
<status status="NOT RUN" start="2025-04-10T01:19:00.954645" elapsed="0.000000"/>
</kw>
<status status="FAIL" start="2025-04-10T01:18:31.031911" elapsed="29.922734">InvalidSessionIdException: Message: invalid session id: session deleted as the browser has closed the connection
from disconnected: not connected to DevTools
  (Session info: chrome=135.0.7049.43)
Stacktrace:
	GetHandleVerifier [0x00007FF70DF55335+78597]
	GetHandleVerifier [0x00007FF70DF55390+78688]
	(No symbol) [0x00007FF70DD091AA]
	(No symbol) [0x00007FF70DCF4EF5]
	(No symbol) [0x00007FF70DD19F04]
	(No symbol) [0x00007FF70DD8ED0F]
	(No symbol) [0x00007FF70DDAEBB2]
	(No symbol) [0x00007FF70DD86EC3]
	(No symbol) [0x00007FF70DD503F8]
	(No symbol) [0x00007FF70DD51163]
	GetHandleVerifier [0x00007FF70E1FEEED+2870973]
	GetHandleVerifier [0x00007FF70E1F9698+2848360]
	GetHandleVerifier [0x00007FF70E216973+2967875]
	GetHandleVerifier [0x00007FF70DF7017A+188746]
	GetHandleVerifier [0x00007FF70DF7845F+222255]
	GetHandleVerifier [0x00007FF70DF5D2B4+111236]
	GetHandleVerifier [0x00007FF70DF5D462+111666]
	GetHandleVerifier [0x00007FF70DF43589+5465]
	BaseThreadInitThunk [0x00007FFAFA437614+20]
	RtlUserThreadStart [0x00007FFAFB4826B1+33]
</status>
</test>
<status status="FAIL" start="2025-04-10T01:18:30.848350" elapsed="30.106295"/>
</suite>
<statistics>
<total>
<stat pass="0" fail="1" skip="0">All Tests</stat>
</total>
<tag>
</tag>
<suite>
<stat pass="0" fail="1" skip="0" id="s1" name="Weuros">Weuros</stat>
</suite>
</statistics>
<errors>
<msg time="2025-04-10T01:19:00.939023" level="WARN">Keyword 'Capture Page Screenshot' could not be run on failure: Message: invalid session id
Stacktrace:
	GetHandleVerifier [0x00007FF70DF55335+78597]
	GetHandleVerifier [0x00007FF70DF55390+78688]
	(No symbol) [0x00007FF70DD08FDC]
	(No symbol) [0x00007FF70DD4F51F]
	(No symbol) [0x00007FF70DD86FB2]
	(No symbol) [0x00007FF70DD819CC]
	(No symbol) [0x00007FF70DD80AA9]
	(No symbol) [0x00007FF70DCD5AB5]
	GetHandleVerifier [0x00007FF70E1FEEED+2870973]
	GetHandleVerifier [0x00007FF70E1F9698+2848360]
	GetHandleVerifier [0x00007FF70E216973+2967875]
	GetHandleVerifier [0x00007FF70DF7017A+188746]
	GetHandleVerifier [0x00007FF70DF7845F+222255]
	(No symbol) [0x00007FF70DCD4B28]
	GetHandleVerifier [0x00007FF70E300668+3925560]
	BaseThreadInitThunk [0x00007FFAFA437614+20]
	RtlUserThreadStart [0x00007FFAFB4826B1+33]
</msg>
</errors>
</robot>
